*** Starting uWSGI 2.0.15 (64bit) on [Wed Dec 13 20:16:00 2017] ***
compiled with version: 5.4.0 20160609 on 13 December 2017 19:31:38
os: Linux-4.4.0-31-generic #50-Ubuntu SMP Wed Jul 13 00:07:12 UTC 2016
nodename: ubuntu
machine: x86_64
clock source: unix
pcre jit disabled
detected number of CPU cores: 2
current working directory: /home/python/Desktop/dailyfresh
writing pidfile to uwsgi.pid
detected binary path: /home/python/.virtualenvs/django_py3/bin/uwsgi
chdir() to /home/python/Desktop/dailyfresh
your processes number limit is 11807
your memory page size is 4096 bytes
detected max file descriptor number: 1024
lock engine: pthread robust mutexes
thunder lock: disabled (you can enable it with --thunder-lock)
probably another instance of uWSGI is running on the same address (127.0.0.1:8080).
bind(): Address already in use [core/socket.c line 769]
*** Starting uWSGI 2.0.15 (64bit) on [Wed Dec 13 21:18:49 2017] ***
compiled with version: 5.4.0 20160609 on 13 December 2017 19:31:38
os: Linux-4.4.0-31-generic #50-Ubuntu SMP Wed Jul 13 00:07:12 UTC 2016
nodename: ubuntu
machine: x86_64
clock source: unix
pcre jit disabled
detected number of CPU cores: 2
current working directory: /home/python/Desktop/dailyfresh
writing pidfile to uwsgi.pid
detected binary path: /home/python/.virtualenvs/django_py3/bin/uwsgi
chdir() to /home/python/Desktop/dailyfresh
your processes number limit is 11807
your memory page size is 4096 bytes
detected max file descriptor number: 1024
lock engine: pthread robust mutexes
thunder lock: disabled (you can enable it with --thunder-lock)
probably another instance of uWSGI is running on the same address (127.0.0.1:8080).
bind(): Address already in use [core/socket.c line 769]
*** Starting uWSGI 2.0.15 (64bit) on [Wed Dec 13 21:34:47 2017] ***
compiled with version: 5.4.0 20160609 on 13 December 2017 19:31:38
os: Linux-4.4.0-31-generic #50-Ubuntu SMP Wed Jul 13 00:07:12 UTC 2016
nodename: ubuntu
machine: x86_64
clock source: unix
pcre jit disabled
detected number of CPU cores: 2
current working directory: /home/python/Desktop/dailyfresh
writing pidfile to uwsgi.pid
detected binary path: /home/python/.virtualenvs/django_py3/bin/uwsgi
chdir() to /home/python/Desktop/dailyfresh
your processes number limit is 11807
your memory page size is 4096 bytes
detected max file descriptor number: 1024
lock engine: pthread robust mutexes
thunder lock: disabled (you can enable it with --thunder-lock)
probably another instance of uWSGI is running on the same address (127.0.0.1:8080).
bind(): Address already in use [core/socket.c line 769]
*** Starting uWSGI 2.0.15 (64bit) on [Wed Dec 13 21:38:54 2017] ***
compiled with version: 5.4.0 20160609 on 13 December 2017 19:31:38
os: Linux-4.4.0-31-generic #50-Ubuntu SMP Wed Jul 13 00:07:12 UTC 2016
nodename: ubuntu
machine: x86_64
clock source: unix
pcre jit disabled
detected number of CPU cores: 2
current working directory: /home/python/Desktop/dailyfresh
writing pidfile to uwsgi.pid
detected binary path: /home/python/.virtualenvs/django_py3/bin/uwsgi
chdir() to /home/python/Desktop/dailyfresh
your processes number limit is 11807
your memory page size is 4096 bytes
detected max file descriptor number: 1024
lock engine: pthread robust mutexes
thunder lock: disabled (you can enable it with --thunder-lock)
uwsgi socket 0 bound to TCP address 192.168.49.129:8080 fd 3
Python version: 3.5.2 (default, Nov 23 2017, 16:37:01)  [GCC 5.4.0 20160609]
Set PythonHome to /home/python/.virtualenvs/django_py3
Python main interpreter initialized at 0xe1efb0
python threads support enabled
your server socket listen backlog is limited to 100 connections
your mercy for graceful operations on workers is 60 seconds
mapped 249216 bytes (243 KB) for 4 cores
*** Operational MODE: preforking+threaded ***
WSGI app 0 (mountpoint='') ready in 0 seconds on interpreter 0xe1efb0 pid: 47196 (default app)
*** uWSGI is running in multiple interpreter mode ***
spawned uWSGI master process (pid: 47196)
spawned uWSGI worker 1 (pid: 47198, cores: 2)
spawned uWSGI worker 2 (pid: 47199, cores: 2)
[pid: 47199|app: 0|req: 1/1] 127.0.0.1 () {42 vars in 763 bytes} [Wed Dec 13 21:39:38 2017] GET / => generated 74 bytes in 1331 msecs (HTTP/1.1 404) 2 headers in 80 bytes (1 switches on core 0)
[pid: 47198|app: 0|req: 1/2] 127.0.0.1 () {40 vars in 681 bytes} [Wed Dec 13 21:39:40 2017] GET /favicon.ico => generated 85 bytes in 490 msecs (HTTP/1.1 404) 2 headers in 80 bytes (1 switches on core 0)
[pid: 47199|app: 0|req: 2/3] 192.168.49.129 () {42 vars in 733 bytes} [Wed Dec 13 21:39:50 2017] GET / => generated 74 bytes in 1 msecs (HTTP/1.1 404) 2 headers in 80 bytes (1 switches on core 1)
[pid: 47198|app: 0|req: 2/4] 192.168.49.129 () {38 vars in 595 bytes} [Wed Dec 13 21:39:50 2017] GET /favicon.ico => generated 85 bytes in 2 msecs (HTTP/1.1 404) 2 headers in 80 bytes (1 switches on core 1)
设置缓存
[pid: 47199|app: 0|req: 3/5] 127.0.0.1 () {40 vars in 742 bytes} [Wed Dec 13 21:40:40 2017] GET /index => generated 14196 bytes in 1032 msecs (HTTP/1.1 200) 3 headers in 102 bytes (1 switches on core 0)
[pid: 47199|app: 0|req: 5/6] 127.0.0.1 () {40 vars in 686 bytes} [Wed Dec 13 21:40:41 2017] GET /js/slide.js => generated 85 bytes in 2 msecs (HTTP/1.1 404) 2 headers in 80 bytes (1 switches on core 0)
[pid: 47198|app: 0|req: 3/7] 127.0.0.1 () {40 vars in 702 bytes} [Wed Dec 13 21:40:41 2017] GET /js/jquery-ui.min.js => generated 93 bytes in 1 msecs (HTTP/1.1 404) 2 headers in 80 bytes (1 switches on core 0)
[pid: 47199|app: 0|req: 5/8] 127.0.0.1 () {40 vars in 710 bytes} [Wed Dec 13 21:40:41 2017] GET /js/jquery-1.12.4.min.js => generated 97 bytes in 3 msecs (HTTP/1.1 404) 2 headers in 80 bytes (1 switches on core 1)
[pid: 47198|app: 0|req: 4/9] 127.0.0.1 () {40 vars in 694 bytes} [Wed Dec 13 21:40:41 2017] GET /js/slideshow.js => generated 89 bytes in 2 msecs (HTTP/1.1 404) 2 headers in 80 bytes (1 switches on core 0)
[pid: 47199|app: 0|req: 6/10] 127.0.0.1 () {42 vars in 786 bytes} [Wed Dec 13 21:41:03 2017] GET /list/1/1 => generated 5645 bytes in 228 msecs (HTTP/1.1 200) 3 headers in 102 bytes (1 switches on core 0)
[pid: 47198|app: 0|req: 5/11] 127.0.0.1 () {42 vars in 789 bytes} [Wed Dec 13 21:41:08 2017] GET /goods/26 => generated 8834 bytes in 506 msecs (HTTP/1.1 200) 4 headers in 224 bytes (1 switches on core 1)
[pid: 47199|app: 0|req: 7/12] 127.0.0.1 () {40 vars in 742 bytes} [Wed Dec 13 21:41:52 2017] GET /index => generated 14196 bytes in 321 msecs (HTTP/1.1 200) 3 headers in 102 bytes (1 switches on core 1)
[pid: 47199|app: 0|req: 8/13] 127.0.0.1 () {40 vars in 710 bytes} [Wed Dec 13 21:41:53 2017] GET /js/jquery-1.12.4.min.js => generated 97 bytes in 2 msecs (HTTP/1.1 404) 2 headers in 80 bytes (1 switches on core 0)
[pid: 47198|app: 0|req: 6/14] 127.0.0.1 () {40 vars in 702 bytes} [Wed Dec 13 21:41:53 2017] GET /js/jquery-ui.min.js => generated 93 bytes in 1 msecs (HTTP/1.1 404) 2 headers in 80 bytes (1 switches on core 0)
[pid: 47199|app: 0|req: 9/15] 127.0.0.1 () {40 vars in 686 bytes} [Wed Dec 13 21:41:53 2017] GET /js/slide.js => generated 85 bytes in 1 msecs (HTTP/1.1 404) 2 headers in 80 bytes (1 switches on core 0)
[pid: 47199|app: 0|req: 10/16] 127.0.0.1 () {40 vars in 694 bytes} [Wed Dec 13 21:41:53 2017] GET /js/slideshow.js => generated 89 bytes in 2 msecs (HTTP/1.1 404) 2 headers in 80 bytes (1 switches on core 0)
[pid: 47198|app: 0|req: 7/17] 127.0.0.1 () {42 vars in 792 bytes} [Wed Dec 13 21:47:31 2017] GET /user/logout => generated 0 bytes in 68 msecs (HTTP/1.1 302) 4 headers in 210 bytes (1 switches on core 1)
[pid: 47198|app: 0|req: 8/18] 127.0.0.1 () {42 vars in 736 bytes} [Wed Dec 13 21:47:31 2017] GET /index => generated 14145 bytes in 195 msecs (HTTP/1.1 200) 3 headers in 102 bytes (1 switches on core 0)
[pid: 47199|app: 0|req: 11/19] 127.0.0.1 () {40 vars in 666 bytes} [Wed Dec 13 21:47:31 2017] GET /js/jquery-1.12.4.min.js => generated 97 bytes in 3 msecs (HTTP/1.1 404) 2 headers in 80 bytes (1 switches on core 0)
[pid: 47199|app: 0|req: 12/20] 127.0.0.1 () {40 vars in 658 bytes} [Wed Dec 13 21:47:31 2017] GET /js/jquery-ui.min.js => generated 93 bytes in 1 msecs (HTTP/1.1 404) 2 headers in 80 bytes (1 switches on core 1)
[pid: 47199|app: 0|req: 13/21] 127.0.0.1 () {40 vars in 642 bytes} [Wed Dec 13 21:47:31 2017] GET /js/slide.js => generated 85 bytes in 1 msecs (HTTP/1.1 404) 2 headers in 80 bytes (1 switches on core 0)
[pid: 47198|app: 0|req: 9/22] 127.0.0.1 () {40 vars in 650 bytes} [Wed Dec 13 21:47:31 2017] GET /js/slideshow.js => generated 89 bytes in 1 msecs (HTTP/1.1 404) 2 headers in 80 bytes (1 switches on core 1)
[pid: 47198|app: 0|req: 10/23] 127.0.0.1 () {42 vars in 746 bytes} [Wed Dec 13 21:47:33 2017] GET /user/login => generated 2492 bytes in 18 msecs (HTTP/1.1 200) 4 headers in 224 bytes (1 switches on core 1)
[pid: 47199|app: 0|req: 14/24] 127.0.0.1 () {50 vars in 922 bytes} [Wed Dec 13 21:49:37 2017] POST /user/login => generated 0 bytes in 394 msecs (HTTP/1.1 302) 7 headers in 476 bytes (1 switches on core 0)
[pid: 47199|app: 0|req: 15/25] 127.0.0.1 () {44 vars in 816 bytes} [Wed Dec 13 21:49:38 2017] GET /index => generated 14196 bytes in 212 msecs (HTTP/1.1 200) 3 headers in 102 bytes (1 switches on core 1)
[pid: 47198|app: 0|req: 11/26] 127.0.0.1 () {40 vars in 710 bytes} [Wed Dec 13 21:49:38 2017] GET /js/jquery-1.12.4.min.js => generated 97 bytes in 2 msecs (HTTP/1.1 404) 2 headers in 80 bytes (1 switches on core 0)
[pid: 47199|app: 0|req: 16/27] 127.0.0.1 () {40 vars in 702 bytes} [Wed Dec 13 21:49:38 2017] GET /js/jquery-ui.min.js => generated 93 bytes in 3 msecs (HTTP/1.1 404) 2 headers in 80 bytes (1 switches on core 0)
[pid: 47198|app: 0|req: 12/28] 127.0.0.1 () {40 vars in 686 bytes} [Wed Dec 13 21:49:38 2017] GET /js/slide.js => generated 85 bytes in 3 msecs (HTTP/1.1 404) 2 headers in 80 bytes (1 switches on core 1)
[pid: 47198|app: 0|req: 13/29] 127.0.0.1 () {40 vars in 694 bytes} [Wed Dec 13 21:49:38 2017] GET /js/slideshow.js => generated 89 bytes in 2 msecs (HTTP/1.1 404) 2 headers in 80 bytes (1 switches on core 0)
[pid: 47198|app: 0|req: 14/30] 127.0.0.1 () {42 vars in 780 bytes} [Wed Dec 13 21:49:41 2017] GET /cart/ => generated 11069 bytes in 143 msecs (HTTP/1.1 200) 4 headers in 224 bytes (1 switches on core 1)
[pid: 47199|app: 0|req: 17/31] 127.0.0.1 () {42 vars in 794 bytes} [Wed Dec 13 21:49:43 2017] GET /user/order/1 => generated 7032 bytes in 148 msecs (HTTP/1.1 200) 4 headers in 224 bytes (1 switches on core 0)
[pid: 47199|app: 0|req: 18/32] 127.0.0.1 () {42 vars in 787 bytes} [Wed Dec 13 21:51:14 2017] GET /index => generated 14196 bytes in 240 msecs (HTTP/1.1 200) 3 headers in 102 bytes (1 switches on core 1)
[pid: 47198|app: 0|req: 15/33] 127.0.0.1 () {40 vars in 710 bytes} [Wed Dec 13 21:51:15 2017] GET /js/jquery-1.12.4.min.js => generated 97 bytes in 3 msecs (HTTP/1.1 404) 2 headers in 80 bytes (1 switches on core 0)
[pid: 47198|app: 0|req: 16/34] 127.0.0.1 () {40 vars in 702 bytes} [Wed Dec 13 21:51:15 2017] GET /js/jquery-ui.min.js => generated 93 bytes in 1 msecs (HTTP/1.1 404) 2 headers in 80 bytes (1 switches on core 1)
[pid: 47198|app: 0|req: 17/35] 127.0.0.1 () {40 vars in 686 bytes} [Wed Dec 13 21:51:15 2017] GET /js/slide.js => generated 85 bytes in 2 msecs (HTTP/1.1 404) 2 headers in 80 bytes (1 switches on core 1)
[pid: 47198|app: 0|req: 18/36] 127.0.0.1 () {40 vars in 694 bytes} [Wed Dec 13 21:51:15 2017] GET /js/slideshow.js => generated 89 bytes in 1 msecs (HTTP/1.1 404) 2 headers in 80 bytes (1 switches on core 0)
[pid: 47198|app: 0|req: 19/37] 127.0.0.1 () {42 vars in 784 bytes} [Wed Dec 13 21:51:19 2017] GET /goods/3 => generated 8820 bytes in 204 msecs (HTTP/1.1 200) 4 headers in 224 bytes (1 switches on core 0)
[pid: 47199|app: 0|req: 19/38] 127.0.0.1 () {42 vars in 784 bytes} [Wed Dec 13 21:57:53 2017] GET /goods/5 => generated 9234 bytes in 391 msecs (HTTP/1.1 200) 4 headers in 224 bytes (1 switches on core 0)
[pid: 47199|app: 0|req: 20/39] 127.0.0.1 () {40 vars in 742 bytes} [Wed Dec 13 22:02:38 2017] GET /admin => generated 0 bytes in 1 msecs (HTTP/1.1 301) 3 headers in 138 bytes (1 switches on core 1)
[pid: 47198|app: 0|req: 20/40] 127.0.0.1 () {40 vars in 744 bytes} [Wed Dec 13 22:02:38 2017] GET /admin/ => generated 0 bytes in 191 msecs (HTTP/1.1 302) 7 headers in 271 bytes (1 switches on core 1)
[pid: 47198|app: 0|req: 21/41] 127.0.0.1 () {40 vars in 781 bytes} [Wed Dec 13 22:02:38 2017] GET /admin/login/?next=/admin/ => generated 1917 bytes in 108 msecs (HTTP/1.1 200) 7 headers in 336 bytes (1 switches on core 0)
[pid: 47198|app: 0|req: 22/42] 127.0.0.1 () {42 vars in 794 bytes} [Thu Dec 14 11:09:13 2017] GET /user/logout => generated 0 bytes in 767 msecs (HTTP/1.1 302) 4 headers in 210 bytes (1 switches on core 1)
设置缓存
[pid: 47199|app: 0|req: 21/43] 127.0.0.1 () {42 vars in 738 bytes} [Thu Dec 14 11:09:14 2017] GET /index => generated 14145 bytes in 483 msecs (HTTP/1.1 200) 3 headers in 102 bytes (1 switches on core 0)
[pid: 47199|app: 0|req: 23/44] 127.0.0.1 () {40 vars in 666 bytes} [Thu Dec 14 11:09:15 2017] GET /js/jquery-1.12.4.min.js => generated 97 bytes in 22 msecs (HTTP/1.1 404) 2 headers in 80 bytes (1 switches on core 1)
[pid: 47198|app: 0|req: 24/45] 127.0.0.1 () {40 vars in 658 bytes} [Thu Dec 14 11:09:15 2017] GET /js/jquery-ui.min.js => generated 93 bytes in 236 msecs (HTTP/1.1 404) 2 headers in 80 bytes (1 switches on core 0)
[pid: 47198|app: 0|req: 24/46] 127.0.0.1 () {40 vars in 642 bytes} [Thu Dec 14 11:09:15 2017] GET /js/slide.js => generated 85 bytes in 236 msecs (HTTP/1.1 404) 2 headers in 80 bytes (1 switches on core 1)
[pid: 47199|app: 0|req: 23/47] 127.0.0.1 () {40 vars in 650 bytes} [Thu Dec 14 11:09:15 2017] GET /js/slideshow.js => generated 89 bytes in 21 msecs (HTTP/1.1 404) 2 headers in 80 bytes (1 switches on core 0)
[pid: 47199|app: 0|req: 24/48] 127.0.0.1 () {42 vars in 740 bytes} [Thu Dec 14 11:09:18 2017] GET /goods/3 => generated 8769 bytes in 226 msecs (HTTP/1.1 200) 4 headers in 224 bytes (1 switches on core 1)
[pid: 47198|app: 0|req: 25/49] 127.0.0.1 () {42 vars in 738 bytes} [Thu Dec 14 11:40:48 2017] GET /cart/ => generated 27 bytes in 186 msecs (HTTP/1.1 500) 3 headers in 106 bytes (1 switches on core 0)
[pid: 47198|app: 0|req: 26/50] 127.0.0.1 () {42 vars in 748 bytes} [Thu Dec 14 11:40:53 2017] GET /user/login => generated 2492 bytes in 26 msecs (HTTP/1.1 200) 4 headers in 224 bytes (1 switches on core 1)
[pid: 47199|app: 0|req: 25/51] 127.0.0.1 () {50 vars in 922 bytes} [Thu Dec 14 11:41:07 2017] POST /user/login => generated 0 bytes in 341 msecs (HTTP/1.1 302) 7 headers in 476 bytes (1 switches on core 0)
[pid: 47199|app: 0|req: 26/52] 127.0.0.1 () {44 vars in 816 bytes} [Thu Dec 14 11:41:07 2017] GET /index => generated 14196 bytes in 235 msecs (HTTP/1.1 200) 3 headers in 102 bytes (1 switches on core 1)
[pid: 47198|app: 0|req: 27/53] 127.0.0.1 () {40 vars in 710 bytes} [Thu Dec 14 11:41:07 2017] GET /js/jquery-1.12.4.min.js => generated 97 bytes in 1 msecs (HTTP/1.1 404) 2 headers in 80 bytes (1 switches on core 0)
[pid: 47199|app: 0|req: 27/54] 127.0.0.1 () {40 vars in 686 bytes} [Thu Dec 14 11:41:07 2017] GET /js/slide.js => generated 85 bytes in 2 msecs (HTTP/1.1 404) 2 headers in 80 bytes (1 switches on core 0)
[pid: 47198|app: 0|req: 28/55] 127.0.0.1 () {40 vars in 702 bytes} [Thu Dec 14 11:41:07 2017] GET /js/jquery-ui.min.js => generated 93 bytes in 5 msecs (HTTP/1.1 404) 2 headers in 80 bytes (1 switches on core 1)
[pid: 47199|app: 0|req: 28/56] 127.0.0.1 () {40 vars in 694 bytes} [Thu Dec 14 11:41:07 2017] GET /js/slideshow.js => generated 89 bytes in 1 msecs (HTTP/1.1 404) 2 headers in 80 bytes (1 switches on core 0)
[pid: 47199|app: 0|req: 29/57] 127.0.0.1 () {42 vars in 780 bytes} [Thu Dec 14 11:41:09 2017] GET /cart/ => generated 11069 bytes in 73 msecs (HTTP/1.1 200) 4 headers in 224 bytes (1 switches on core 0)
[pid: 47199|app: 0|req: 30/58] 127.0.0.1 () {42 vars in 785 bytes} [Thu Dec 14 11:41:11 2017] GET /index => generated 14196 bytes in 207 msecs (HTTP/1.1 200) 3 headers in 102 bytes (1 switches on core 1)
[pid: 47199|app: 0|req: 31/59] 127.0.0.1 () {42 vars in 784 bytes} [Thu Dec 14 11:41:13 2017] GET /goods/5 => generated 9234 bytes in 169 msecs (HTTP/1.1 200) 4 headers in 224 bytes (1 switches on core 0)
111111
[pid: 47198|app: 0|req: 29/60] 127.0.0.1 () {48 vars in 891 bytes} [Thu Dec 14 11:41:14 2017] POST /cart/add => generated 72 bytes in 33 msecs (HTTP/1.1 200) 3 headers in 94 bytes (1 switches on core 0)
[pid: 47198|app: 0|req: 30/61] 127.0.0.1 () {42 vars in 782 bytes} [Thu Dec 14 11:41:16 2017] GET /cart/ => generated 11764 bytes in 55 msecs (HTTP/1.1 200) 4 headers in 224 bytes (1 switches on core 1)
['5']
[pid: 47199|app: 0|req: 32/62] 127.0.0.1 () {50 vars in 963 bytes} [Thu Dec 14 11:41:18 2017] POST /order/place => generated 6063 bytes in 105 msecs (HTTP/1.1 200) 4 headers in 224 bytes (1 switches on core 1)
[pid: 47199|app: 0|req: 33/63] 127.0.0.1 () {48 vars in 903 bytes} [Thu Dec 14 11:41:21 2017] POST /order/commit => generated 67 bytes in 195 msecs (HTTP/1.1 200) 3 headers in 94 bytes (1 switches on core 0)
[pid: 47199|app: 0|req: 34/64] 127.0.0.1 () {42 vars in 800 bytes} [Thu Dec 14 11:41:25 2017] GET /user/order/1 => generated 7127 bytes in 199 msecs (HTTP/1.1 200) 4 headers in 224 bytes (1 switches on core 1)
[pid: 47198|app: 0|req: 31/65] 127.0.0.1 () {48 vars in 898 bytes} [Thu Dec 14 11:41:28 2017] POST /order/pay => generated 777 bytes in 182 msecs (HTTP/1.1 200) 3 headers in 94 bytes (1 switches on core 0)
code:40004
code:40004
code:40004
[pid: 47199|app: 0|req: 35/66] 127.0.0.1 () {44 vars in 831 bytes} [Thu Dec 14 11:41:44 2017] GET /user/order/1 => generated 7127 bytes in 158 msecs (HTTP/1.1 200) 4 headers in 224 bytes (1 switches on core 0)
code:40004
code:40004
code:40004
[pid: 47199|app: 0|req: 36/67] 127.0.0.1 () {48 vars in 898 bytes} [Thu Dec 14 11:41:59 2017] POST /order/pay => generated 787 bytes in 149 msecs (HTTP/1.1 200) 3 headers in 94 bytes (1 switches on core 1)
code:40004
code:40004
code:40004
code:40004
code:40004
code:40004
code:40004
code:40004
code:40004
code:40004
code:40004
code:40004
code:40004
code:40004
code:40004
code:40004
[pid: 47199|app: 0|req: 37/68] 127.0.0.1 () {44 vars in 831 bytes} [Thu Dec 14 11:42:39 2017] GET /user/order/1 => generated 7127 bytes in 180 msecs (HTTP/1.1 200) 4 headers in 224 bytes (1 switches on core 0)
[pid: 47199|app: 0|req: 38/69] 127.0.0.1 () {48 vars in 898 bytes} [Thu Dec 14 11:42:42 2017] POST /order/pay => generated 781 bytes in 194 msecs (HTTP/1.1 200) 3 headers in 94 bytes (1 switches on core 1)
code:40004
code:40004
code:40004
code:40004
code:40004
code:40004
code:40004
code:40004
code:40004
code:40004
code:40004
code:40004
code:40004
code:40004
code:40004
code:40004
code:40004
code:40004
code:40004
code:40004
code:40004
code:40004
code:40004
code:40004
code:40004
code:40004
code:40004
code:40004
code:40004
code:40004
code:40004
code:40004
code:40004
code:40004
code:40004
code:40004
code:40004
code:40004
code:40004
code:40004
code:40004
code:40004
code:40004
code:40004
code:40004
code:40004
code:40004
code:40004
code:40004
code:40004
code:40004
code:40004
code:40004
code:40004
code:40004
code:40004
code:40004
code:40004
code:40004
code:40004
code:40004
code:40004
code:40004
code:40004
code:40004
code:40004
code:40004
code:40004
code:40004
code:40004
code:40004
code:40004
code:40004
code:40004
code:40004
code:40004
code:40004
code:40004
code:40004
code:40004
code:40004
code:40004
code:40004
code:40004
code:40004
code:40004
code:40004
code:40004
code:40004
code:40004
code:40004
code:40004
code:40004
code:40004
code:40004
code:40004
code:40004
code:40004
code:40004
code:40004
code:40004
code:40004
code:40004
code:40004
code:40004
code:40004
code:40004
code:40004
code:40004
code:40004
code:40004
code:40004
code:40004
code:40004
code:40004
code:40004
code:40004
code:40004
code:40004
code:40004
code:40004
code:40004
code:40004
code:40004
code:40004
code:40004
code:40004
code:40004
code:40004
code:40004
code:40004
code:40004
code:40004
code:40004
code:40004
code:40004
code:40004
code:40004
code:40004
code:40004
code:40004
code:40004
code:40004
code:40004
code:40004
code:40004
code:40004
code:40004
code:40004
code:40004
code:40004
code:40004
code:40004
code:40004
code:40004
code:40004
code:40004
code:40004
code:40004
code:40004
code:40004
code:40004
code:40004
code:40004
code:40004
code:40004
code:40004
code:40004
code:40004
code:40004
code:40004
code:40004
code:40004
code:40004
code:40004
code:40004
code:40004
code:40004
code:40004
code:40004
code:40004
code:40004
code:40004
code:40004
code:40004
code:40004
code:40004
code:40004
code:40004
code:40004
code:40004
code:40004
code:40004
code:40004
code:40004
code:40004
code:40004
code:40004
code:40004
code:40004
code:40004
code:40004
code:40004
code:40004
code:40004
code:40004
code:40004
code:40004
code:40004
code:40004
code:40004
code:40004
code:40004
code:40004
code:40004
code:40004
code:40004
code:40004
code:40004
code:40004
code:40004
code:40004
code:40004
code:40004
code:40004
code:40004
code:40004
code:40004
code:40004
code:40004
code:40004
code:40004
code:40004
code:40004
code:40004
code:40004
code:40004
code:40004
code:40004
code:40004
code:40004
code:40004
code:40004
code:40004
code:40004
code:40004
code:40004
code:40004
code:40004
code:40004
code:40004
code:40004
code:40004
code:40004
code:40004
code:40004
code:40004
code:40004
code:40004
code:40004
code:40004
code:40004
code:40004
code:40004
code:40004
code:40004
code:40004
code:40004
code:40004
code:40004
code:40004
code:40004
code:40004
code:40004
code:40004
code:40004
code:40004
code:40004
code:40004
code:40004
code:40004
code:40004
code:40004
code:40004
code:40004
code:40004
code:40004
code:40004
code:40004
code:40004
code:40004
code:40004
code:40004
code:40004
code:40004
code:40004
code:40004
code:40004
code:40004
code:40004
code:40004
code:40004
code:40004
code:40004
code:40004
code:40004
code:40004
code:40004
code:40004
code:40004
code:40004
code:40004
code:40004
code:40004
code:40004
code:40004
code:40004
code:40004
code:40004
code:40004
code:40004
code:40004
code:40004
code:40004
code:40004
code:40004
code:40004
code:40004
code:40004
code:40004
code:40004
code:40004
code:40004
code:40004
code:40004
code:40004
code:40004
code:40004
code:40004
code:40004
code:40004
code:40004
code:40004
code:40004
code:40004
code:40004
code:40004
code:40004
code:40004
code:40004
code:40004
code:40004
code:40004
code:40004
code:40004
code:40004
code:40004
code:40004
code:40004
code:40004
code:40004
code:40004
code:40004
code:40004
code:40004
code:40004
code:40004
code:40004
code:40004
code:40004
code:40004
code:40004
code:40004
code:40004
code:40004
code:40004
code:40004
code:40004
code:40004
code:40004
code:40004
code:40004
code:40004
code:40004
code:40004
code:40004
code:40004
code:40004
code:40004
code:40004
code:40004
code:40004
code:40004
code:40004
code:40004
code:40004
code:40004
code:40004
code:40004
code:40004
code:40004
code:40004
code:40004
code:40004
code:40004
code:40004
code:40004
code:40004
code:40004
code:40004
code:40004
code:40004
code:40004
code:40004
code:40004
code:40004
code:40004
code:40004
code:40004
code:40004
code:40004
code:40004
code:40004
code:40004
code:40004
code:40004
code:40004
code:40004
code:40004
code:40004
code:40004
code:40004
code:40004
code:40004
code:40004
code:40004
code:40004
code:40004
code:40004
code:40004
code:40004
code:40004
code:40004
code:40004
code:40004
code:40004
code:40004
code:40004
code:40004
code:40004
code:40004
code:40004
code:40004
code:40004
code:40004
code:40004
code:40004
code:40004
code:40004
code:40004
code:40004
code:40004
code:40004
code:40004
code:40004
code:40004
code:40004
code:40004
code:40004
code:40004
code:40004
code:40004
code:40004
code:40004
code:40004
code:40004
code:40004
code:40004
code:40004
code:40004
code:40004
code:40004
code:40004
code:40004
code:40004
code:40004
code:40004
code:40004
code:40004
code:40004
code:40004
code:40004
code:40004
code:40004
code:40004
code:40004
code:40004
code:40004
code:40004
code:40004
code:40004
code:40004
code:40004
code:40004
code:40004
code:40004
code:40004
code:40004
code:40004
code:40004
code:40004
code:40004
code:40004
code:40004
code:40004
code:40004
code:40004
code:40004
code:40004
code:40004
code:40004
code:40004
code:40004
code:40004
code:40004
code:40004
code:40004
code:40004
code:40004
code:40004
code:40004
code:40004
code:40004
code:40004
code:40004
code:40004
code:40004
code:40004
code:40004
code:40004
code:40004
code:40004
code:40004
code:40004
code:40004
code:40004
code:40004
code:40004
code:40004
code:40004
code:40004
code:40004
code:40004
code:40004
code:40004
code:40004
code:40004
code:40004
code:40004
code:40004
code:40004
code:40004
code:40004
code:40004
code:40004
code:40004
code:40004
code:40004
code:40004
code:40004
code:40004
code:40004
code:40004
code:40004
code:40004
code:40004
code:40004
code:40004
code:40004
code:40004
code:40004
code:40004
code:40004
code:40004
code:40004
code:40004
code:40004
code:40004
code:40004
code:40004
code:40004
code:40004
code:40004
code:40004
code:40004
code:40004
code:40004
code:40004
code:40004
code:40004
code:40004
code:40004
code:40004
code:40004
code:40004
code:40004
code:40004
code:40004
code:40004
code:40004
code:40004
code:40004
code:40004
code:40004
code:40004
code:40004
code:40004
code:40004
code:40004
code:40004
code:40004
code:40004
code:40004
code:40004
code:40004
code:40004
code:40004
code:40004
code:40004
code:40004
code:40004
code:40004
code:40004
code:40004
code:40004
code:40004
code:40004
code:40004
code:40004
code:40004
code:40004
code:40004
code:40004
code:40004
code:40004
code:40004
code:40004
code:40004
code:40004
code:40004
code:40004
code:40004
code:40004
code:40004
code:40004
code:40004
code:40004
code:40004
code:40004
code:40004
code:40004
code:40004
code:40004
code:40004
code:40004
code:40004
code:40004
code:40004
code:40004
code:40004
code:40004
code:40004
code:40004
code:40004
code:40004
code:40004
code:40004
code:40004
code:40004
code:40004
code:40004
code:40004
code:40004
code:40004
code:40004
code:40004
code:40004
code:40004
code:40004
code:40004
code:40004
code:40004
code:40004
code:40004
code:40004
code:40004
code:40004
code:40004
code:40004
code:40004
code:40004
code:40004
code:40004
code:40004
code:40004
code:40004
code:40004
code:40004
code:40004
code:40004
code:40004
code:40004
code:40004
code:40004
code:40004
code:40004
code:40004
code:40004
code:40004
code:40004
code:40004
code:40004
code:40004
code:40004
code:40004
code:40004
code:40004
code:40004
code:40004
code:40004
code:40004
code:40004
code:40004
code:40004
code:40004
code:40004
code:40004
code:40004
code:40004
code:40004
code:40004
code:40004
code:40004
code:40004
code:40004
code:40004
code:40004
code:40004
code:40004
code:40004
code:40004
code:40004
code:40004
code:40004
code:40004
code:40004
code:40004
code:40004
code:40004
code:40004
code:40004
code:40004
code:40004
code:40004
code:40004
code:40004
code:40004
code:40004
code:40004
code:40004
code:40004
code:40004
code:40004
code:40004
code:40004
code:40004
code:40004
code:40004
code:40004
code:40004
code:40004
code:40004
code:40004
code:40004
code:40004
code:40004
code:40004
code:40004
code:40004
code:40004
code:40004
code:40004
code:40004
code:40004
code:40004
code:40004
code:40004
code:40004
code:40004
code:40004
code:40004
code:40004
code:40004
code:40004
code:40004
code:40004
code:40004
code:40004
code:40004
code:40004
code:40004
code:40004
code:40004
code:40004
code:40004
code:40004
code:40004
code:40004
code:40004
code:40004
code:40004
code:40004
code:40004
code:40004
code:40004
code:40004
code:40004
code:40004
code:40004
code:40004
code:40004
code:40004
code:40004
code:40004
code:40004
code:40004
code:40004
code:40004
code:40004
code:40004
code:40004
code:40004
code:40004
code:40004
code:40004
code:40004
code:40004
code:40004
code:40004
code:40004
code:40004
code:40004
code:40004
code:40004
code:40004
code:40004
code:40004
code:40004
code:40004
code:40004
code:40004
code:40004
code:40004
code:40004
code:40004
code:40004
code:40004
code:40004
code:40004
code:40004
code:40004
code:40004
code:40004
code:40004
code:40004
code:40004
code:40004
code:40004
code:40004
code:40004
code:40004
code:40004
code:40004
code:40004
code:40004
code:40004
code:40004
code:40004
code:40004
code:40004
code:40004
code:40004
code:40004
code:40004
code:40004
code:40004
code:40004
code:40004
code:40004
code:40004
code:40004
code:40004
code:40004
code:40004
code:40004
code:40004
code:40004
code:40004
code:40004
code:40004
code:40004
code:40004
code:40004
code:40004
code:40004
code:40004
code:40004
code:40004
code:40004
code:40004
code:40004
code:40004
code:40004
code:40004
code:40004
code:40004
code:40004
code:40004
code:40004
code:40004
code:40004
code:40004
code:40004
code:40004
code:40004
code:40004
code:40004
code:40004
code:40004
code:40004
code:40004
code:40004
code:40004
code:40004
code:40004
code:40004
code:40004
code:40004
code:40004
code:40004
code:40004
code:40004
code:40004
code:40004
code:40004
code:40004
code:40004
code:40004
code:40004
code:40004
code:40004
code:40004
code:40004
code:40004
code:40004
code:40004
code:40004
code:40004
code:40004
code:40004
code:40004
code:40004
code:40004
code:40004
code:40004
code:40004
code:40004
code:40004
code:40004
code:40004
code:40004
code:40004
code:40004
code:40004
code:40004
code:40004
code:40004
code:40004
code:40004
code:40004
code:40004
code:40004
code:40004
code:40004
code:40004
code:40004
code:40004
code:40004
code:40004
code:40004
code:40004
code:40004
code:40004
code:40004
code:40004
code:40004
code:40004
code:40004
code:40004
code:40004
code:40004
code:40004
code:40004
code:40004
code:40004
code:40004
code:40004
code:40004
code:40004
code:40004
code:40004
code:40004
code:40004
code:40004
code:40004
code:40004
code:40004
code:40004
code:40004
code:40004
code:40004
code:40004
code:40004
code:40004
code:40004
code:40004
code:40004
code:40004
code:40004
code:40004
code:40004
code:40004
code:40004
code:40004
code:40004
code:40004
code:40004
code:40004
code:40004
code:40004
code:40004
code:40004
code:40004
code:40004
code:40004
code:40004
code:40004
code:40004
code:40004
code:40004
code:40004
code:40004
code:40004
code:40004
code:40004
code:40004
code:40004
code:40004
code:40004
code:40004
code:40004
code:40004
code:40004
code:40004
code:40004
code:40004
code:40004
code:40004
code:40004
code:40004
code:40004
code:40004
code:40004
code:40004
code:40004
code:40004
code:40004
code:40004
code:40004
code:40004
code:40004
code:40004
code:40004
code:40004
code:40004
code:40004
code:40004
code:40004
code:40004
code:40004
code:40004
code:40004
code:40004
code:40004
code:40004
code:40004
code:40004
code:40004
code:40004
code:40004
code:40004
code:40004
code:40004
code:40004
code:40004
code:40004
code:40004
code:40004
code:40004
code:40004
code:40004
code:40004
code:40004
code:40004
code:40004
code:40004
code:40004
code:40004
code:40004
code:40004
code:40004
code:40004
code:40004
code:40004
code:40004
code:40004
code:40004
code:40004
code:40004
code:40004
code:40004
code:40004
code:40004
code:40004
code:40004
code:40004
code:40004
code:40004
code:40004
code:40004
code:40004
code:40004
code:40004
code:40004
code:40004
code:40004
code:40004
code:40004
code:40004
code:40004
code:40004
code:40004
code:40004
code:40004
code:40004
code:40004
code:40004
code:40004
code:40004
code:40004
code:40004
code:40004
code:40004
code:40004
code:40004
code:40004
code:40004
code:40004
code:40004
code:40004
code:40004
code:40004
code:40004
code:40004
code:40004
code:40004
code:40004
code:40004
code:40004
code:40004
code:40004
code:40004
code:40004
code:40004
code:40004
code:40004
code:40004
code:40004
code:40004
code:40004
code:40004
code:40004
code:40004
code:40004
code:40004
code:40004
code:40004
code:40004
code:40004
code:40004
code:40004
code:40004
code:40004
code:40004
code:40004
code:40004
code:40004
code:40004
code:40004
code:40004
code:40004
code:40004
code:40004
code:40004
code:40004
code:40004
code:40004
code:40004
code:40004
code:40004
code:40004
code:40004
code:40004
code:40004
code:40004
code:40004
code:40004
code:40004
code:40004
code:40004
code:40004
code:40004
code:40004
code:40004
code:40004
code:40004
code:40004
code:40004
code:40004
code:40004
code:40004
code:40004
code:40004
code:40004
code:40004
code:40004
code:40004
code:40004
code:40004
code:40004
code:40004
code:40004
code:40004
code:40004
code:40004
code:40004
code:40004
code:40004
code:40004
code:40004
code:40004
code:40004
code:40004
code:40004
code:40004
code:40004
code:40004
code:40004
code:40004
code:40004
code:40004
code:40004
code:40004
code:40004
code:40004
code:40004
code:40004
code:40004
code:40004
code:40004
code:40004
code:40004
code:40004
code:40004
code:40004
code:40004
code:40004
code:40004
code:40004
code:40004
code:40004
code:40004
code:40004
code:40004
code:40004
code:40004
code:40004
code:40004
code:40004
code:40004
code:40004
code:40004
code:40004
code:40004
code:40004
code:40004
code:40004
code:40004
code:40004
code:40004
code:40004
code:40004
code:40004
code:40004
code:40004
code:40004
code:40004
code:40004
code:40004
code:40004
code:40004
code:40004
code:40004
code:40004
code:40004
code:40004
code:40004
code:40004
code:40004
code:40004
code:40004
code:40004
code:40004
code:40004
code:40004
code:40004
code:40004
code:40004
code:40004
code:40004
code:40004
code:40004
code:40004
code:40004
code:40004
code:40004
code:40004
code:40004
code:40004
code:40004
code:40004
code:40004
code:40004
code:40004
code:40004
code:40004
code:40004
code:40004
code:40004
code:40004
code:40004
code:40004
code:40004
code:40004
code:40004
code:40004
code:40004
code:40004
code:40004
code:40004
code:40004
code:40004
code:40004
code:40004
code:40004
code:40004
code:40004
code:40004
code:40004
code:40004
code:40004
code:40004
code:40004
code:40004
code:40004
code:40004
code:40004
code:40004
code:40004
code:40004
code:40004
code:40004
code:40004
code:40004
code:40004
code:40004
code:40004
code:40004
code:40004
code:40004
code:40004
code:40004
code:40004
code:40004
code:40004
code:40004
code:40004
code:40004
code:40004
code:40004
code:40004
code:40004
code:40004
code:40004
code:40004
code:40004
code:40004
code:40004
code:40004
code:40004
code:40004
code:40004
code:40004
code:40004
code:40004
code:40004
code:40004
code:40004
code:40004
code:40004
code:40004
code:40004
code:40004
code:40004
code:40004
code:40004
code:40004
code:40004
code:40004
code:40004
code:40004
code:40004
code:40004
code:40004
code:40004
code:40004
code:40004
code:40004
code:40004
code:40004
code:40004
[pid: 47198|app: 0|req: 33/70] 127.0.0.1 () {48 vars in 902 bytes} [Thu Dec 14 11:41:59 2017] POST /order/check => generated 27 bytes in 2622285 msecs (HTTP/1.1 500) 3 headers in 106 bytes (1 switches on core 0)
code:40004
code:40004
code:40004
code:40004
code:40004
code:40004
code:40004
code:40004
code:40004
code:40004
code:40004
code:40004
code:40004
code:40004
code:40004
code:40004
code:40004
code:40004
code:40004
code:40004
code:40004
code:40004
code:40004
code:40004
code:40004
code:40004
code:40004
code:40004
code:40004
code:40004
code:40004
code:40004
code:40004
code:40004
code:40004
code:40004
code:40004
code:40004
code:40004
code:40004
code:40004
code:40004
code:40004
code:40004
code:40004
code:40004
code:40004
code:40004
code:40004
code:40004
code:40004
code:40004
code:40004
code:40004
code:40004
code:40004
code:40004
code:40004
code:40004
code:40004
code:40004
code:40004
code:40004
code:40004
code:40004
code:40004
code:40004
code:40004
code:40004
code:40004
code:40004
code:40004
code:40004
code:40004
code:40004
code:40004
code:40004
code:40004
code:40004
code:40004
code:40004
code:40004
code:40004
code:40004
code:40004
code:40004
code:40004
code:40004
code:40004
code:40004
code:40004
code:40004
code:40004
code:40004
code:40004
code:40004
code:40004
code:40004
code:40004
code:40004
code:40004
code:40004
code:40004
code:40004
code:40004
code:40004
code:40004
code:40004
code:40004
code:40004
code:40004
code:40004
code:40004
code:40004
code:40004
code:40004
code:40004
code:40004
code:40004
code:40004
code:40004
code:40004
code:40004
code:40004
code:40004
code:40004
code:40004
code:40004
code:40004
code:40004
code:40004
code:40004
code:40004
code:40004
code:40004
code:40004
code:40004
code:40004
code:40004
code:40004
code:40004
code:40004
code:40004
code:40004
code:40004
code:40004
code:40004
code:40004
code:40004
code:40004
code:40004
code:40004
code:40004
code:40004
code:40004
code:40004
code:40004
code:40004
code:40004
code:40004
code:40004
code:40004
code:40004
code:40004
code:40004
code:40004
code:40004
code:40004
code:40004
code:40004
code:40004
code:40004
code:40004
code:40004
code:40004
code:40004
code:40004
code:40004
code:40004
code:40004
code:40004
code:40004
code:40004
code:40004
code:40004
code:40004
code:40004
code:40004
code:40004
code:40004
code:40004
code:40004
code:40004
code:40004
code:40004
code:40004
code:40004
code:40004
code:40004
code:40004
code:40004
code:40004
code:40004
code:40004
code:40004
code:40004
code:40004
code:40004
code:40004
code:40004
code:40004
code:40004
code:40004
code:40004
code:40004
code:40004
code:40004
code:40004
code:40004
code:40004
code:40004
code:40004
code:40004
code:40004
code:40004
code:40004
code:40004
code:40004
code:40004
code:40004
code:40004
code:40004
code:40004
code:40004
code:40004
code:40004
code:40004
code:40004
code:40004
code:40004
code:40004
code:40004
code:40004
code:40004
code:40004
code:40004
code:40004
code:40004
code:40004
code:40004
code:40004
code:40004
code:40004
code:40004
code:40004
code:40004
code:40004
code:40004
code:40004
code:40004
code:40004
code:40004
code:40004
code:40004
code:40004
code:40004
code:40004
code:40004
code:40004
code:40004
code:40004
code:40004
code:40004
code:40004
code:40004
code:40004
code:40004
code:40004
code:40004
code:40004
code:40004
code:40004
code:40004
code:40004
code:40004
code:40004
code:40004
code:40004
code:40004
code:40004
code:40004
code:40004
code:40004
code:40004
code:40004
code:40004
code:40004
code:40004
code:40004
code:40004
code:40004
code:40004
code:40004
code:40004
code:40004
code:40004
code:40004
code:40004
code:40004
code:40004
code:40004
code:40004
code:40004
code:40004
code:40004
code:40004
code:40004
code:40004
code:40004
code:40004
code:40004
code:40004
code:40004
code:40004
code:40004
code:40004
code:40004
code:40004
code:40004
code:40004
code:40004
code:40004
code:40004
code:40004
code:40004
code:40004
code:40004
code:40004
code:40004
code:40004
code:40004
code:40004
code:40004
code:40004
code:40004
code:40004
code:40004
code:40004
code:40004
code:40004
code:40004
code:40004
code:40004
code:40004
code:40004
code:40004
code:40004
code:40004
code:40004
code:40004
code:40004
code:40004
code:40004
code:40004
code:40004
code:40004
code:40004
code:40004
code:40004
code:40004
code:40004
code:40004
code:40004
code:40004
code:40004
code:40004
code:40004
code:40004
code:40004
code:40004
code:40004
code:40004
code:40004
code:40004
code:40004
code:40004
code:40004
code:40004
code:40004
code:40004
code:40004
code:40004
code:40004
code:40004
code:40004
code:40004
code:40004
code:40004
code:40004
code:40004
code:40004
code:40004
code:40004
code:40004
code:40004
code:40004
code:40004
code:40004
code:40004
code:40004
code:40004
code:40004
code:40004
code:40004
code:40004
code:40004
code:40004
code:40004
code:40004
code:40004
code:40004
code:40004
code:40004
code:40004
code:40004
code:40004
code:40004
code:40004
code:40004
code:40004
code:40004
code:40004
code:40004
code:40004
code:40004
code:40004
code:40004
code:40004
code:40004
code:40004
code:40004
code:40004
code:40004
code:40004
code:40004
code:40004
code:40004
code:40004
code:40004
code:40004
code:40004
code:40004
code:40004
code:40004
code:40004
code:40004
code:40004
code:40004
code:40004
code:40004
code:40004
code:40004
code:40004
code:40004
code:40004
code:40004
code:40004
code:40004
code:40004
code:40004
code:40004
code:40004
code:40004
code:40004
code:40004
code:40004
code:40004
code:40004
code:40004
code:40004
code:40004
code:40004
code:40004
code:40004
code:40004
code:40004
code:40004
code:40004
code:40004
code:40004
code:40004
code:40004
code:40004
code:40004
code:40004
code:40004
code:40004
code:40004
code:40004
code:40004
code:40004
code:40004
code:40004
code:40004
code:40004
code:40004
code:40004
code:40004
code:40004
code:40004
code:40004
code:40004
code:40004
code:40004
code:40004
code:40004
code:40004
code:40004
code:40004
code:40004
code:40004
code:40004
code:40004
code:40004
code:40004
code:40004
code:40004
code:40004
code:40004
code:40004
code:40004
code:40004
code:40004
code:40004
code:40004
code:40004
code:40004
code:40004
code:40004
code:40004
code:40004
code:40004
code:40004
code:40004
code:40004
code:40004
code:40004
code:40004
code:40004
code:40004
code:40004
code:40004
code:40004
code:40004
code:40004
code:40004
code:40004
code:40004
code:40004
code:40004
code:40004
code:40004
code:40004
code:40004
code:40004
code:40004
code:40004
code:40004
code:40004
code:40004
code:40004
code:40004
code:40004
code:40004
code:40004
code:40004
code:40004
code:40004
code:40004
code:40004
code:40004
code:40004
code:40004
code:40004
code:40004
code:40004
code:40004
code:40004
code:40004
code:40004
code:40004
code:40004
code:40004
code:40004
code:40004
code:40004
code:40004
code:40004
code:40004
code:40004
code:40004
code:40004
code:40004
code:40004
code:40004
code:40004
code:40004
code:40004
code:40004
code:40004
code:40004
code:40004
code:40004
code:40004
code:40004
code:40004
code:40004
code:40004
code:40004
code:40004
code:40004
code:40004
code:40004
code:40004
code:40004
code:40004
code:40004
code:40004
code:40004
code:40004
code:40004
code:40004
code:40004
code:40004
code:40004
code:40004
code:40004
code:40004
code:40004
code:40004
code:40004
code:40004
code:40004
code:40004
code:40004
code:40004
code:40004
code:40004
code:40004
code:40004
code:40004
code:40004
code:40004
code:40004
code:40004
code:40004
code:40004
code:40004
code:40004
code:40004
code:40004
code:40004
code:40004
code:40004
code:40004
code:40004
code:40004
code:40004
code:40004
code:40004
code:40004
code:40004
code:40004
code:40004
code:40004
code:40004
code:40004
code:40004
code:40004
code:40004
code:40004
code:40004
code:40004
code:40004
code:40004
code:40004
code:40004
code:40004
code:40004
code:40004
code:40004
code:40004
code:40004
code:40004
code:40004
code:40004
code:40004
code:40004
code:40004
code:40004
code:40004
code:40004
code:40004
code:40004
code:40004
code:40004
code:40004
code:40004
code:40004
code:40004
code:40004
code:40004
code:40004
code:40004
code:40004
code:40004
code:40004
code:40004
code:40004
code:40004
code:40004
code:40004
code:40004
code:40004
code:40004
code:40004
code:40004
code:40004
code:40004
code:40004
code:40004
code:40004
code:40004
code:40004
code:40004
code:40004
code:40004
code:40004
code:40004
code:40004
code:40004
code:40004
code:40004
code:40004
code:40004
code:40004
code:40004
code:40004
code:40004
code:40004
code:40004
code:40004
code:40004
code:40004
code:40004
code:40004
code:40004
code:40004
code:40004
code:40004
code:40004
code:40004
code:40004
code:40004
code:40004
code:40004
code:40004
code:40004
code:40004
code:40004
code:40004
code:40004
code:40004
code:40004
code:40004
code:40004
code:40004
code:40004
code:40004
code:40004
code:40004
code:40004
code:40004
code:40004
code:40004
code:40004
code:40004
code:40004
code:40004
code:40004
code:40004
code:40004
code:40004
code:40004
code:40004
code:40004
code:40004
code:40004
code:40004
code:40004
code:40004
code:40004
code:40004
code:40004
code:40004
code:40004
code:40004
code:40004
code:40004
code:40004
code:40004
code:40004
code:40004
code:40004
code:40004
code:40004
code:40004
code:40004
code:40004
code:40004
code:40004
code:40004
code:40004
code:40004
code:40004
code:40004
code:40004
code:40004
code:40004
code:40004
code:40004
code:40004
code:40004
code:40004
code:40004
code:40004
code:40004
code:40004
code:40004
code:40004
code:40004
code:40004
code:40004
code:40004
code:40004
code:40004
code:40004
code:40004
code:40004
code:40004
code:40004
code:40004
code:40004
code:40004
code:40004
code:40004
code:40004
code:40004
code:40004
code:40004
code:40004
code:40004
code:40004
code:40004
code:40004
code:40004
code:40004
code:40004
code:40004
code:40004
code:40004
code:40004
code:40004
code:40004
code:40004
code:40004
code:40004
code:40004
code:40004
code:40004
code:40004
code:40004
code:40004
code:40004
code:40004
code:40004
code:40004
code:40004
code:40004
code:40004
code:40004
code:40004
code:40004
code:40004
code:40004
code:40004
code:40004
code:40004
code:40004
code:40004
code:40004
code:40004
code:40004
code:40004
code:40004
code:40004
code:40004
code:40004
code:40004
code:40004
code:40004
code:40004
code:40004
code:40004
code:40004
code:40004
code:40004
code:40004
code:40004
code:40004
code:40004
code:40004
code:40004
code:40004
code:40004
code:40004
code:40004
code:40004
code:40004
code:40004
code:40004
code:40004
code:40004
code:40004
code:40004
code:40004
code:40004
code:40004
code:40004
code:40004
code:40004
code:40004
code:40004
code:40004
code:40004
code:40004
code:40004
code:40004
code:40004
code:40004
code:40004
code:40004
code:40004
code:40004
code:40004
code:40004
code:40004
code:40004
code:40004
code:40004
code:40004
code:40004
code:40004
code:40004
code:40004
code:40004
code:40004
code:40004
code:40004
code:40004
code:40004
code:40004
code:40004
code:40004
code:40004
code:40004
code:40004
code:40004
code:40004
code:40004
code:40004
code:40004
code:40004
code:40004
code:40004
code:40004
code:40004
code:40004
code:40004
code:40004
code:40004
code:40004
code:40004
code:40004
code:40004
code:40004
code:40004
code:40004
code:40004
code:40004
code:40004
code:40004
code:40004
code:40004
code:40004
code:40004
code:40004
code:40004
code:40004
code:40004
code:40004
code:40004
code:40004
code:40004
code:40004
code:40004
code:40004
code:40004
code:40004
code:40004
code:40004
code:40004
code:40004
code:40004
code:40004
code:40004
code:40004
code:40004
code:40004
code:40004
code:40004
code:40004
code:40004
code:40004
code:40004
code:40004
code:40004
code:40004
code:40004
code:40004
code:40004
code:40004
code:40004
code:40004
code:40004
code:40004
code:40004
code:40004
code:40004
code:40004
code:40004
code:40004
code:40004
code:40004
code:40004
code:40004
code:40004
code:40004
code:40004
code:40004
code:40004
code:40004
code:40004
code:40004
code:40004
code:40004
code:40004
code:40004
code:40004
code:40004
code:40004
code:40004
code:40004
code:40004
code:40004
code:40004
code:40004
code:40004
code:40004
code:40004
code:40004
code:40004
code:40004
code:40004
code:40004
code:40004
code:40004
code:40004
code:40004
code:40004
code:40004
code:40004
code:40004
code:40004
code:40004
code:40004
code:40004
code:40004
code:40004
code:40004
code:40004
code:40004
code:40004
code:40004
code:40004
code:40004
code:40004
code:40004
code:40004
code:40004
code:40004
code:40004
code:40004
code:40004
code:40004
code:40004
code:40004
code:40004
code:40004
code:40004
code:40004
code:40004
code:40004
code:40004
code:40004
code:40004
code:40004
code:40004
code:40004
code:40004
code:40004
code:40004
code:40004
code:40004
code:40004
code:40004
code:40004
code:40004
code:40004
code:40004
code:40004
code:40004
code:40004
code:40004
code:40004
code:40004
code:40004
code:40004
code:40004
code:40004
code:40004
code:40004
code:40004
code:40004
code:40004
code:40004
code:40004
code:40004
code:40004
code:40004
code:40004
code:40004
code:40004
code:40004
code:40004
code:40004
code:40004
code:40004
code:40004
code:40004
code:40004
code:40004
code:40004
code:40004
code:40004
code:40004
code:40004
code:40004
code:40004
code:40004
code:40004
code:40004
code:40004
code:40004
code:40004
code:40004
code:40004
code:40004
code:40004
code:40004
code:40004
code:40004
code:40004
code:40004
code:40004
code:40004
code:40004
code:40004
code:40004
code:40004
code:40004
code:40004
code:40004
code:40004
code:40004
code:40004
code:40004
code:40004
code:40004
code:40004
code:40004
code:40004
code:40004
code:40004
code:40004
code:40004
code:40004
code:40004
code:40004
code:40004
code:40004
code:40004
code:40004
code:40004
code:40004
code:40004
code:40004
code:40004
code:40004
code:40004
code:40004
code:40004
code:40004
code:40004
code:40004
code:40004
code:40004
code:40004
code:40004
code:40004
code:40004
code:40004
code:40004
code:40004
code:40004
code:40004
code:40004
code:40004
code:40004
code:40004
code:40004
code:40004
code:40004
code:40004
code:40004
code:40004
code:40004
code:40004
code:40004
code:40004
code:40004
code:40004
code:40004
code:40004
code:40004
code:40004
code:40004
code:40004
code:40004
code:40004
code:40004
code:40004
code:40004
code:40004
code:40004
code:40004
code:40004
code:40004
code:40004
code:40004
code:40004
code:40004
code:40004
code:40004
code:40004
code:40004
code:40004
code:40004
code:40004
code:40004
code:40004
code:40004
code:40004
code:40004
code:40004
code:40004
code:40004
code:40004
code:40004
code:40004
code:40004
code:40004
code:40004
code:40004
code:40004
code:40004
code:40004
code:40004
code:40004
code:40004
code:40004
code:40004
code:40004
code:40004
code:40004
code:40004
code:40004
code:40004
code:40004
code:40004
code:40004
code:40004
code:40004
code:40004
code:40004
code:40004
code:40004
code:40004
code:40004
code:40004
code:40004
code:40004
code:40004
code:40004
code:40004
code:40004
code:40004
code:40004
code:40004
code:40004
code:40004
code:40004
code:40004
code:40004
code:40004
code:40004
code:40004
code:40004
code:40004
code:40004
code:40004
code:40004
code:40004
code:40004
code:40004
code:40004
code:40004
code:40004
code:40004
code:40004
code:40004
code:40004
code:40004
code:40004
code:40004
code:40004
code:40004
code:40004
code:40004
code:40004
code:40004
code:40004
code:40004
code:40004
code:40004
code:40004
code:40004
code:40004
code:40004
code:40004
code:40004
code:40004
code:40004
code:40004
code:40004
code:40004
code:40004
code:40004
code:40004
code:40004
code:40004
code:40004
code:40004
code:40004
code:40004
code:40004
code:40004
code:40004
code:40004
code:40004
code:40004
code:40004
code:40004
code:40004
code:40004
code:40004
code:40004
code:40004
code:40004
code:40004
code:40004
code:40004
code:40004
code:40004
code:40004
code:40004
code:40004
code:40004
code:40004
code:40004
code:40004
code:40004
code:40004
code:40004
code:40004
code:40004
code:40004
code:40004
code:40004
code:40004
code:40004
code:40004
code:40004
code:40004
code:40004
code:40004
code:40004
code:40004
code:40004
code:40004
code:40004
code:40004
code:40004
code:40004
code:40004
code:40004
code:40004
code:40004
code:40004
code:40004
code:40004
code:40004
code:40004
code:40004
code:40004
code:40004
code:40004
code:40004
code:40004
code:40004
code:40004
code:40004
code:40004
code:40004
code:40004
code:40004
code:40004
code:40004
code:40004
code:40004
code:40004
code:40004
code:40004
code:40004
code:40004
code:40004
code:40004
code:40004
code:40004
code:40004
code:40004
code:40004
code:40004
code:40004
code:40004
code:40004
code:40004
code:40004
code:40004
code:40004
code:40004
code:40004
code:40004
code:40004
code:40004
code:40004
code:40004
code:40004
code:40004
code:40004
code:40004
code:40004
code:40004
code:40004
code:40004
code:40004
code:40004
code:40004
code:40004
code:40004
code:40004
code:40004
code:40004
code:40004
code:40004
code:40004
code:40004
code:40004
code:40004
code:40004
code:40004
code:40004
code:40004
code:40004
code:40004
code:40004
code:40004
code:40004
code:40004
code:40004
code:40004
code:40004
code:40004
code:40004
code:40004
code:40004
code:40004
code:40004
code:40004
code:40004
code:40004
code:40004
code:40004
code:40004
code:40004
code:40004
code:40004
code:40004
code:40004
code:40004
code:40004
code:40004
code:40004
code:40004
code:40004
code:40004
code:40004
code:40004
code:40004
code:40004
code:40004
code:40004
code:40004
code:40004
code:40004
code:40004
code:40004
code:40004
code:40004
code:40004
code:40004
code:40004
code:40004
code:40004
code:40004
code:40004
code:40004
code:40004
code:40004
code:40004
code:40004
code:40004
code:40004
code:40004
code:40004
code:40004
code:40004
code:40004
code:40004
code:40004
code:40004
code:40004
code:40004
code:40004
code:40004
code:40004
code:40004
code:40004
code:40004
code:40004
code:40004
code:40004
code:40004
code:40004
code:40004
code:40004
code:40004
code:40004
code:40004
code:40004
code:40004
code:40004
code:40004
code:40004
code:40004
code:40004
code:40004
code:40004
code:40004
code:40004
code:40004
code:40004
code:40004
code:40004
code:40004
code:40004
code:40004
code:40004
code:40004
code:40004
code:40004
code:40004
code:40004
code:40004
code:40004
code:40004
code:40004
code:40004
code:40004
code:40004
code:40004
code:40004
code:40004
code:40004
code:40004
code:40004
code:40004
code:40004
code:40004
code:40004
code:40004
code:40004
code:40004
code:40004
code:40004
code:40004
code:40004
code:40004
code:40004
code:40004
code:40004
code:40004
code:40004
code:40004
code:40004
code:40004
code:40004
code:40004
code:40004
code:40004
code:40004
code:40004
code:40004
code:40004
code:40004
code:40004
code:40004
code:40004
code:40004
code:40004
code:40004
code:40004
code:40004
code:40004
code:40004
code:40004
code:40004
code:40004
code:40004
code:40004
code:40004
code:40004
code:40004
code:40004
code:40004
code:40004
code:40004
code:40004
code:40004
code:40004
code:40004
code:40004
code:40004
code:40004
code:40004
code:40004
code:40004
code:40004
code:40004
code:40004
code:40004
code:40004
code:40004
code:40004
code:40004
code:40004
code:40004
code:40004
code:40004
code:40004
code:40004
code:40004
code:40004
code:40004
code:40004
code:40004
code:40004
code:40004
code:40004
code:40004
code:40004
code:40004
code:40004
code:40004
code:40004
code:40004
code:40004
code:40004
code:40004
code:40004
code:40004
code:40004
code:40004
code:40004
code:40004
code:40004
code:40004
code:40004
code:40004
code:40004
code:40004
code:40004
code:40004
code:40004
code:40004
code:40004
code:40004
code:40004
code:40004
code:40004
code:40004
code:40004
code:40004
code:40004
code:40004
code:40004
code:40004
code:40004
code:40004
code:40004
code:40004
code:40004
code:40004
code:40004
code:40004
code:40004
code:40004
code:40004
code:40004
code:40004
code:40004
code:40004
code:40004
code:40004
code:40004
code:40004
code:40004
code:40004
code:40004
code:40004
code:40004
code:40004
code:40004
code:40004
code:40004
code:40004
code:40004
code:40004
code:40004
code:40004
code:40004
code:40004
code:40004
code:40004
code:40004
code:40004
code:40004
code:40004
code:40004
code:40004
code:40004
code:40004
code:40004
code:40004
code:40004
code:40004
code:40004
code:40004
code:40004
code:40004
code:40004
code:40004
code:40004
code:40004
code:40004
code:40004
code:40004
code:40004
code:40004
code:40004
code:40004
code:40004
code:40004
code:40004
code:40004
code:40004
code:40004
code:40004
code:40004
code:40004
code:40004
code:40004
code:40004
code:40004
code:40004
code:40004
code:40004
code:40004
code:40004
code:40004
code:40004
code:40004
code:40004
code:40004
code:40004
code:40004
code:40004
code:40004
code:40004
code:40004
code:40004
code:40004
code:40004
code:40004
code:40004
code:40004
code:40004
code:40004
code:40004
code:40004
code:40004
code:40004
code:40004
code:40004
code:40004
code:40004
code:40004
code:40004
code:40004
code:40004
code:40004
code:40004
code:40004
code:40004
code:40004
code:40004
code:40004
code:40004
code:40004
code:40004
code:40004
code:40004
code:40004
code:40004
code:40004
code:40004
code:40004
code:40004
code:40004
code:40004
code:40004
code:40004
code:40004
code:40004
code:40004
code:40004
code:40004
code:40004
code:40004
code:40004
code:40004
code:40004
code:40004
code:40004
code:40004
code:40004
code:40004
code:40004
code:40004
code:40004
code:40004
code:40004
code:40004
code:40004
code:40004
code:40004
code:40004
code:40004
code:40004
code:40004
code:40004
code:40004
code:40004
code:40004
code:40004
code:40004
code:40004
code:40004
code:40004
code:40004
code:40004
code:40004
code:40004
code:40004
code:40004
code:40004
code:40004
code:40004
code:40004
code:40004
code:40004
code:40004
code:40004
code:40004
code:40004
code:40004
code:40004
code:40004
code:40004
code:40004
code:40004
code:40004
code:40004
code:40004
code:40004
code:40004
code:40004
code:40004
code:40004
code:40004
code:40004
code:40004
code:40004
code:40004
code:40004
code:40004
code:40004
code:40004
code:40004
code:40004
code:40004
code:40004
code:40004
code:40004
code:40004
code:40004
code:40004
code:40004
code:40004
code:40004
code:40004
code:40004
code:40004
code:40004
code:40004
code:40004
code:40004
code:40004
code:40004
code:40004
code:40004
code:40004
code:40004
code:40004
code:40004
code:40004
code:40004
code:40004
code:40004
code:40004
code:40004
code:40004
code:40004
code:40004
code:40004
code:40004
code:40004
code:40004
code:40004
code:40004
code:40004
code:40004
code:40004
code:40004
code:40004
code:40004
code:40004
code:40004
code:40004
code:40004
code:40004
code:40004
code:40004
code:40004
code:40004
code:40004
code:40004
code:40004
code:40004
code:40004
code:40004
code:40004
code:40004
code:40004
code:40004
code:40004
code:40004
code:40004
code:40004
code:40004
code:40004
code:40004
code:40004
code:40004
code:40004
code:40004
code:40004
code:40004
code:40004
code:40004
code:40004
code:40004
code:40004
code:40004
code:40004
code:40004
code:40004
code:40004
code:40004
code:40004
code:40004
code:40004
code:40004
code:40004
code:40004
code:40004
code:40004
code:40004
code:40004
code:40004
code:40004
code:40004
code:40004
code:40004
code:40004
code:40004
code:40004
code:40004
code:40004
code:40004
code:40004
code:40004
code:40004
code:40004
code:40004
code:40004
code:40004
code:40004
code:40004
code:40004
code:40004
code:40004
code:40004
code:40004
code:40004
code:40004
code:40004
code:40004
code:40004
code:40004
code:40004
code:40004
code:40004
code:40004
code:40004
code:40004
code:40004
code:40004
code:40004
code:40004
code:40004
code:40004
code:40004
code:40004
code:40004
code:40004
code:40004
code:40004
code:40004
code:40004
code:40004
code:40004
code:40004
code:40004
code:40004
code:40004
code:40004
code:40004
code:40004
code:40004
code:40004
code:40004
code:40004
code:40004
code:40004
code:40004
code:40004
code:40004
code:40004
code:40004
code:40004
code:40004
code:40004
code:40004
code:40004
code:40004
code:40004
code:40004
code:40004
code:40004
code:40004
code:40004
code:40004
code:40004
code:40004
code:40004
code:40004
code:40004
code:40004
code:40004
code:40004
code:40004
code:40004
code:40004
code:40004
code:40004
code:40004
code:40004
code:40004
code:40004
code:40004
code:40004
code:40004
code:40004
code:40004
code:40004
code:40004
code:40004
code:40004
code:40004
code:40004
code:40004
code:40004
code:40004
code:40004
code:40004
code:40004
code:40004
code:40004
code:40004
code:40004
code:40004
code:40004
code:40004
code:40004
code:40004
code:40004
code:40004
code:40004
code:40004
code:40004
code:40004
code:40004
code:40004
code:40004
code:40004
code:40004
code:40004
code:40004
code:40004
code:40004
code:40004
code:40004
code:40004
code:40004
code:40004
code:40004
code:40004
code:40004
code:40004
code:40004
code:40004
code:40004
code:40004
code:40004
code:40004
code:40004
code:40004
code:40004
code:40004
code:40004
code:40004
code:40004
code:40004
code:40004
code:40004
code:40004
code:40004
code:40004
code:40004
code:40004
code:40004
code:40004
code:40004
code:40004
code:40004
code:40004
code:40004
code:40004
code:40004
code:40004
code:40004
code:40004
code:40004
code:40004
code:40004
code:40004
code:40004
code:40004
code:40004
code:40004
code:40004
code:40004
code:40004
[pid: 47198|app: 0|req: 33/71] 127.0.0.1 () {48 vars in 902 bytes} [Thu Dec 14 11:41:28 2017] POST /order/check => generated 27 bytes in 8655682 msecs (HTTP/1.1 500) 3 headers in 106 bytes (1 switches on core 1)
[pid: 47199|app: 0|req: 39/72] 127.0.0.1 () {48 vars in 902 bytes} [Thu Dec 14 11:42:42 2017] POST /order/check => generated 27 bytes in 8592455 msecs (HTTP/1.1 500) 3 headers in 106 bytes (1 switches on core 0)
Gracefully killing worker 1 (pid: 47198)...
Gracefully killing worker 2 (pid: 47199)...
...gracefully killing workers...
worker 1 buried after 12 seconds
worker 2 buried after 12 seconds
binary reloading uWSGI...
chdir() to /home/python/Desktop/dailyfresh
closing all non-uwsgi socket fds > 2 (max_fd = 1024)...
found fd 3 mapped to socket 0 (192.168.49.129:8080)
running /home/python/.virtualenvs/django_py3/bin/uwsgi
[uWSGI] getting INI configuration from uwsgi.ini
*** Starting uWSGI 2.0.15 (64bit) on [Sat Dec 16 15:32:38 2017] ***
compiled with version: 5.4.0 20160609 on 13 December 2017 19:31:38
os: Linux-4.4.0-31-generic #50-Ubuntu SMP Wed Jul 13 00:07:12 UTC 2016
nodename: ubuntu
machine: x86_64
clock source: unix
pcre jit disabled
detected number of CPU cores: 2
current working directory: /home/python/Desktop/dailyfresh
detected binary path: /home/python/.virtualenvs/django_py3/bin/uwsgi
chdir() to /home/python/Desktop/dailyfresh
your processes number limit is 11807
your memory page size is 4096 bytes
detected max file descriptor number: 1024
lock engine: pthread robust mutexes
thunder lock: disabled (you can enable it with --thunder-lock)
uwsgi socket 0 inherited INET address 192.168.49.129:8080 fd 3
Python version: 3.5.2 (default, Nov 23 2017, 16:37:01)  [GCC 5.4.0 20160609]
Set PythonHome to /home/python/.virtualenvs/django_py3
Python main interpreter initialized at 0x1cfb960
python threads support enabled
your server socket listen backlog is limited to 100 connections
your mercy for graceful operations on workers is 60 seconds
mapped 249216 bytes (243 KB) for 4 cores
*** Operational MODE: preforking+threaded ***
WSGI app 0 (mountpoint='') ready in 9 seconds on interpreter 0x1cfb960 pid: 47196 (default app)
*** uWSGI is running in multiple interpreter mode ***
gracefully (RE)spawned uWSGI master process (pid: 47196)
spawned uWSGI worker 1 (pid: 56563, cores: 2)
spawned uWSGI worker 2 (pid: 56564, cores: 2)
*** Starting uWSGI 2.0.15 (64bit) on [Fri Dec 29 20:35:41 2017] ***
compiled with version: 5.4.0 20160609 on 13 December 2017 19:31:38
os: Linux-4.4.0-31-generic #50-Ubuntu SMP Wed Jul 13 00:07:12 UTC 2016
nodename: ubuntu
machine: x86_64
clock source: unix
pcre jit disabled
detected number of CPU cores: 2
current working directory: /home/python/Desktop/dailyfresh
writing pidfile to uwsgi.pid
detected binary path: /home/python/.virtualenvs/django_py3/bin/uwsgi
chdir() to /home/python/Desktop/dailyfresh
your processes number limit is 11807
your memory page size is 4096 bytes
detected max file descriptor number: 1024
lock engine: pthread robust mutexes
thunder lock: disabled (you can enable it with --thunder-lock)
uwsgi socket 0 bound to TCP address 192.168.49.129:8080 fd 3
Python version: 3.5.2 (default, Nov 23 2017, 16:37:01)  [GCC 5.4.0 20160609]
Set PythonHome to /home/python/.virtualenvs/django_py3
Python main interpreter initialized at 0x27241a0
python threads support enabled
your server socket listen backlog is limited to 100 connections
your mercy for graceful operations on workers is 60 seconds
mapped 249216 bytes (243 KB) for 4 cores
*** Operational MODE: preforking+threaded ***
WSGI app 0 (mountpoint='') ready in 1 seconds on interpreter 0x27241a0 pid: 17291 (default app)
*** uWSGI is running in multiple interpreter mode ***
spawned uWSGI master process (pid: 17291)
spawned uWSGI worker 1 (pid: 17293, cores: 2)
spawned uWSGI worker 2 (pid: 17294, cores: 2)
[pid: 17294|app: 0|req: 1/1] 192.168.49.129 () {42 vars in 736 bytes} [Fri Dec 29 20:56:08 2017] GET /user/login => generated 2492 bytes in 540 msecs (HTTP/1.1 200) 4 headers in 224 bytes (1 switches on core 0)
[pid: 17294|app: 0|req: 2/2] 192.168.49.129 () {44 vars in 799 bytes} [Fri Dec 29 20:56:12 2017] GET /user/register => generated 2979 bytes in 74 msecs (HTTP/1.1 200) 4 headers in 224 bytes (1 switches on core 1)
